La génération a démarré 22/01/2016 13:59:53.
     1>Projet "C:\Users\Yessine\Documents\GitHub\partageable\Composant4\Composant4.vcxproj" sur le nœud 3 (Build cible(s)).
     1>ClCompile:
         C:\Program Files (x86)\Microsoft Visual Studio 14.0\VC\bin\CL.exe /c /IC:\Users\Yessine\Documents\GitHub\partageable\Interfaces /ZI /nologo /W3 /WX- /Od /Oy- /D WIN32 /D _DEBUG /D _WINDOWS /D _USRDLL /D COMPOSANT4_EXPORTS /D _WINDLL /D _UNICODE /D UNICODE /Gm /EHsc /RTC1 /MDd /GS /fp:precise /Zc:wchar_t /Zc:forScope /Zc:inline /Fo"Debug\\" /Fd"Debug\vc140.pdb" /Gd /TP /analyze- /errorReport:prompt Composant4.cpp
         Composant4.cpp
     1>c:\users\yessine\documents\github\partageable\composant4\composant4.cpp(13): warning C4273: 'composant1' : liaison DLL incohérente
         c:\users\yessine\documents\github\partageable\interfaces\composant1.h(16): note: voir la définition précédente de 'composant1'
     1>c:\users\yessine\documents\github\partageable\composant4\composant4.cpp(23): warning C4273: 'getComposant1Version' : liaison DLL incohérente
         c:\users\yessine\documents\github\partageable\interfaces\composant1.h(18): note: voir la définition précédente de 'getComposant1Version'
     1>c:\users\yessine\documents\github\partageable\composant4\composant4.cpp(30): warning C4996: 'strcpy': This function or variable may be unsafe. Consider using strcpy_s instead. To disable deprecation, use _CRT_SECURE_NO_WARNINGS. See online help for details.
         c:\program files (x86)\windows kits\10\include\10.0.10150.0\ucrt\string.h(119): note: voir la déclaration de 'strcpy'
     1>c:\users\yessine\documents\github\partageable\composant4\composant4.cpp(31): warning C4996: 'strcat': This function or variable may be unsafe. Consider using strcat_s instead. To disable deprecation, use _CRT_SECURE_NO_WARNINGS. See online help for details.
         c:\program files (x86)\windows kits\10\include\10.0.10150.0\ucrt\string.h(90): note: voir la déclaration de 'strcat'
     1>c:\users\yessine\documents\github\partageable\composant4\composant4.cpp(32): warning C4996: 'strcat': This function or variable may be unsafe. Consider using strcat_s instead. To disable deprecation, use _CRT_SECURE_NO_WARNINGS. See online help for details.
         c:\program files (x86)\windows kits\10\include\10.0.10150.0\ucrt\string.h(90): note: voir la déclaration de 'strcat'
     1>c:\users\yessine\documents\github\partageable\composant4\composant4.cpp(33): warning C4996: 'strcat': This function or variable may be unsafe. Consider using strcat_s instead. To disable deprecation, use _CRT_SECURE_NO_WARNINGS. See online help for details.
         c:\program files (x86)\windows kits\10\include\10.0.10150.0\ucrt\string.h(90): note: voir la déclaration de 'strcat'
       Link:
         C:\Program Files (x86)\Microsoft Visual Studio 14.0\VC\bin\link.exe /ERRORREPORT:PROMPT /OUT:"C:\Users\Yessine\Documents\GitHub\partageable\Debug\Composant4.dll" /INCREMENTAL /NOLOGO kernel32.lib user32.lib gdi32.lib winspool.lib comdlg32.lib advapi32.lib shell32.lib ole32.lib oleaut32.lib uuid.lib odbc32.lib odbccp32.lib /MANIFEST /MANIFESTUAC:"level='asInvoker' uiAccess='false'" /manifest:embed /Debug /PDB:"C:\Users\Yessine\Documents\GitHub\partageable\Debug\Composant4.pdb" /SUBSYSTEM:WINDOWS /TLBID:1 /DYNAMICBASE /NXCOMPAT /IMPLIB:"C:\Users\Yessine\Documents\GitHub\partageable\Debug\Composant4.lib" /MACHINE:X86 /DLL Debug\Composant4.res
         Debug\Composant4.obj
         C:\Users\Yessine\Documents\GitHub\partageable\Debug\Composant3.lib
         Composant4.vcxproj -> C:\Users\Yessine\Documents\GitHub\partageable\Debug\Composant4.dll
     1>Génération du projet "C:\Users\Yessine\Documents\GitHub\partageable\Composant4\Composant4.vcxproj" terminée (Build cible(s)).

La génération a réussi.

Temps écoulé 00:00:00.84
