La génération a démarré 21/01/2016 22:48:31.
     1>Projet "C:\Users\Yessine\Documents\GitHub\partageable\Composant1\Composant1.vcxproj" sur le nœud 2 (Build cible(s)).
     1>ClCompile:
         C:\Program Files (x86)\Microsoft Visual Studio 14.0\VC\bin\CL.exe /c /IC:\Users\Yessine\Documents\GitHub\partageable\Interfaces /ZI /nologo /W3 /WX- /Od /Oy- /D COMPOSANT1_EXPORTS /D WIN32 /D _WINDOWS /D _DEBUG /D _USRDLL /D _WINDLL /D _UNICODE /D UNICODE /D _AFXDLL /Gm /EHsc /RTC1 /MDd /GS /fp:precise /Zc:wchar_t /Zc:forScope /Zc:inline /Fo"Debug\\" /Fd"Debug\vc140.pdb" /Gd /TP /analyze- /errorReport:prompt Composant1.cpp
         Composant1.cpp
     1>c:\users\yessine\documents\github\partageable\composant1\composant1.cpp(29): warning C4996: 'strcpy': This function or variable may be unsafe. Consider using strcpy_s instead. To disable deprecation, use _CRT_SECURE_NO_WARNINGS. See online help for details.
         c:\program files (x86)\windows kits\10\include\10.0.10150.0\ucrt\string.h(119): note: voir la déclaration de 'strcpy'
     1>c:\users\yessine\documents\github\partageable\composant1\composant1.cpp(30): warning C4996: 'strcat': This function or variable may be unsafe. Consider using strcat_s instead. To disable deprecation, use _CRT_SECURE_NO_WARNINGS. See online help for details.
         c:\program files (x86)\windows kits\10\include\10.0.10150.0\ucrt\string.h(90): note: voir la déclaration de 'strcat'
     1>c:\users\yessine\documents\github\partageable\composant1\composant1.cpp(31): warning C4996: 'strcat': This function or variable may be unsafe. Consider using strcat_s instead. To disable deprecation, use _CRT_SECURE_NO_WARNINGS. See online help for details.
         c:\program files (x86)\windows kits\10\include\10.0.10150.0\ucrt\string.h(90): note: voir la déclaration de 'strcat'
     1>c:\users\yessine\documents\github\partageable\composant1\composant1.cpp(32): warning C4996: 'strcat': This function or variable may be unsafe. Consider using strcat_s instead. To disable deprecation, use _CRT_SECURE_NO_WARNINGS. See online help for details.
         c:\program files (x86)\windows kits\10\include\10.0.10150.0\ucrt\string.h(90): note: voir la déclaration de 'strcat'
       Link:
         C:\Program Files (x86)\Microsoft Visual Studio 14.0\VC\bin\link.exe /ERRORREPORT:PROMPT /OUT:"C:\Users\Yessine\Documents\GitHub\partageable\Debug\Composant1.dll" /INCREMENTAL /NOLOGO /DEF:".\Composant1.def" /MANIFEST /MANIFESTUAC:"level='asInvoker' uiAccess='false'" /manifest:embed /manifestinput:"C:\Program Files (x86)\Microsoft Visual Studio 14.0\VC\Include\Manifest\dpiaware.manifest" /Debug /PDB:"C:\Users\Yessine\Documents\GitHub\partageable\Debug\Composant1.pdb" /SUBSYSTEM:WINDOWS /TLBID:1 /DYNAMICBASE /NXCOMPAT /IMPLIB:"C:\Users\Yessine\Documents\GitHub\partageable\Debug\Composant1.lib" /MACHINE:X86 /DLL Debug\Resource.res
         Debug\Composant1.obj
         C:\Users\Yessine\Documents\GitHub\partageable\Debug\Composant3.lib
         Composant1.vcxproj -> C:\Users\Yessine\Documents\GitHub\partageable\Debug\Composant1.dll
     1>Génération du projet "C:\Users\Yessine\Documents\GitHub\partageable\Composant1\Composant1.vcxproj" terminée (Build cible(s)).

La génération a réussi.

Temps écoulé 00:00:02.63
