c:\users\yessine\documents\github\partageable\composant1\debug\vc140.pdb
c:\users\yessine\documents\github\partageable\composant1\debug\vc140.idb
c:\users\yessine\documents\github\partageable\composant1\debug\composant1.obj
c:\users\yessine\documents\github\partageable\composant1\debug\resource.res
c:\users\yessine\documents\github\partageable\composant1\debug\composant1.vcxprojresolveassemblyreference.cache
c:\users\yessine\documents\github\partageable\debug\composant1.pdb
c:\users\yessine\documents\github\partageable\composant1\debug\composant1.tlog\cl.command.1.tlog
c:\users\yessine\documents\github\partageable\composant1\debug\composant1.tlog\cl.read.1.tlog
c:\users\yessine\documents\github\partageable\composant1\debug\composant1.tlog\cl.write.1.tlog
c:\users\yessine\documents\github\partageable\composant1\debug\composant1.tlog\link-cvtres.read.1.tlog
c:\users\yessine\documents\github\partageable\composant1\debug\composant1.tlog\link-cvtres.write.1.tlog
c:\users\yessine\documents\github\partageable\composant1\debug\composant1.tlog\link-mt.read.1.tlog
c:\users\yessine\documents\github\partageable\composant1\debug\composant1.tlog\link-mt.write.1.tlog
c:\users\yessine\documents\github\partageable\composant1\debug\composant1.tlog\link-rc.read.1.tlog
c:\users\yessine\documents\github\partageable\composant1\debug\composant1.tlog\link-rc.write.1.tlog
c:\users\yessine\documents\github\partageable\composant1\debug\composant1.tlog\link.command.1.tlog
c:\users\yessine\documents\github\partageable\composant1\debug\composant1.tlog\link.read.1.tlog
c:\users\yessine\documents\github\partageable\composant1\debug\composant1.tlog\link.write.1.tlog
c:\users\yessine\documents\github\partageable\composant1\debug\composant1.tlog\rc.command.1.tlog
c:\users\yessine\documents\github\partageable\composant1\debug\composant1.tlog\rc.read.1.tlog
c:\users\yessine\documents\github\partageable\composant1\debug\composant1.tlog\rc.write.1.tlog
